<?xml version="1.0" encoding="UTF-8"?>
<!-- Generated by org.testng.reporters.JUnitReportReporter -->
<testsuite hostname="HRWINLI3927" failures="0" tests="1" name="com.hub.testcases.HUBManageCouponTests" time="61.705" errors="0" timestamp="25 Jan 2022 10:14:02 GMT" skipped="0">
  <testcase classname="com.hub.testcases.HUBManageCouponTests" name="couponsPageTitle" time="61.705"/>
</testsuite> <!-- com.hub.testcases.HUBManageCouponTests -->
