<?xml version="1.0" encoding="UTF-8"?>
<!-- Generated by org.testng.reporters.JUnitReportReporter -->
<testsuite hostname="HRWINLI3927" failures="0" tests="1" name="com.hub.testcases.HUBManageCouponTests" time="51.984" errors="0" timestamp="27 Jan 2022 18:57:23 GMT" skipped="0">
  <testcase classname="com.hub.testcases.HUBManageCouponTests" name="addCoupon" time="51.984"/>
</testsuite> <!-- com.hub.testcases.HUBManageCouponTests -->
