<?xml version="1.0" encoding="UTF-8"?>
<!-- Generated by org.testng.reporters.JUnitReportReporter -->
<testsuite hostname="HRWINLI3927" failures="0" tests="1" name="hungerrush.hub.testcases.HUBLoginTests" time="24.272" errors="0" timestamp="10 Jan 2022 13:50:48 GMT" skipped="0">
  <testcase classname="hungerrush.hub.testcases.HUBLoginTests" name="LoginTest" time="24.272"/>
</testsuite> <!-- hungerrush.hub.testcases.HUBLoginTests -->
